CRITICAL - 2020-06-28 08:43:14 --> Call to undefined function App\Controllers\searialize()
#0 /Applications/MAMP/htdocs/ci-news-new/main-app/system/CodeIgniter.php(914): App\Controllers\Dashboard->processAdditionalInformation('48')
#1 /Applications/MAMP/htdocs/ci-news-new/main-app/system/CodeIgniter.php(400): CodeIgniter\CodeIgniter->runController(Object(App\Controllers\Dashboard))
#2 /Applications/MAMP/htdocs/ci-news-new/main-app/system/CodeIgniter.php(308): CodeIgniter\CodeIgniter->handleRequest(NULL, Object(Config\Cache), false)
#3 /Applications/MAMP/htdocs/ci-news-new/html/index.php(45): CodeIgniter\CodeIgniter->run()
#4 {main}
CRITICAL - 2020-06-28 15:16:43 --> Undefined variable: service
#0 /Applications/MAMP/htdocs/ci-news-new/main-app/app/Views/admin/user.php(119): CodeIgniter\Debug\Exceptions->errorHandler(8, 'Undefined varia...', '/Applications/M...', 119, Array)
#1 /Applications/MAMP/htdocs/ci-news-new/main-app/system/View/View.php(246): include('/Applications/M...')
#2 /Applications/MAMP/htdocs/ci-news-new/main-app/system/Common.php(1087): CodeIgniter\View\View->render('admin/user', Array, true)
#3 /Applications/MAMP/htdocs/ci-news-new/main-app/app/Controllers/Dashboard.php(55): view('admin/user', Array)
#4 /Applications/MAMP/htdocs/ci-news-new/main-app/system/CodeIgniter.php(914): App\Controllers\Dashboard->user('47')
#5 /Applications/MAMP/htdocs/ci-news-new/main-app/system/CodeIgniter.php(400): CodeIgniter\CodeIgniter->runController(Object(App\Controllers\Dashboard))
#6 /Applications/MAMP/htdocs/ci-news-new/main-app/system/CodeIgniter.php(308): CodeIgniter\CodeIgniter->handleRequest(NULL, Object(Config\Cache), false)
#7 /Applications/MAMP/htdocs/ci-news-new/html/index.php(45): CodeIgniter\CodeIgniter->run()
#8 {main}
CRITICAL - 2020-06-28 15:21:12 --> syntax error, unexpected '=', expecting ',' or ';'
#0 /Applications/MAMP/htdocs/ci-news-new/main-app/system/Common.php(1087): CodeIgniter\View\View->render('admin/user', Array, true)
#1 /Applications/MAMP/htdocs/ci-news-new/main-app/app/Controllers/Dashboard.php(55): view('admin/user', Array)
#2 /Applications/MAMP/htdocs/ci-news-new/main-app/system/CodeIgniter.php(914): App\Controllers\Dashboard->user('47')
#3 /Applications/MAMP/htdocs/ci-news-new/main-app/system/CodeIgniter.php(400): CodeIgniter\CodeIgniter->runController(Object(App\Controllers\Dashboard))
#4 /Applications/MAMP/htdocs/ci-news-new/main-app/system/CodeIgniter.php(308): CodeIgniter\CodeIgniter->handleRequest(NULL, Object(Config\Cache), false)
#5 /Applications/MAMP/htdocs/ci-news-new/html/index.php(45): CodeIgniter\CodeIgniter->run()
#6 {main}
CRITICAL - 2020-06-28 17:08:39 --> in_array() expects parameter 2 to be array, boolean given
#0 [internal function]: CodeIgniter\Debug\Exceptions->errorHandler(2, 'in_array() expe...', '/Applications/M...', 124, Array)
#1 /Applications/MAMP/htdocs/ci-news-new/main-app/app/Views/admin/user.php(124): in_array('Advertising / P...', false)
#2 /Applications/MAMP/htdocs/ci-news-new/main-app/system/View/View.php(246): include('/Applications/M...')
#3 /Applications/MAMP/htdocs/ci-news-new/main-app/system/Common.php(1087): CodeIgniter\View\View->render('admin/user', Array, true)
#4 /Applications/MAMP/htdocs/ci-news-new/main-app/app/Controllers/Dashboard.php(55): view('admin/user', Array)
#5 /Applications/MAMP/htdocs/ci-news-new/main-app/system/CodeIgniter.php(914): App\Controllers\Dashboard->user('48')
#6 /Applications/MAMP/htdocs/ci-news-new/main-app/system/CodeIgniter.php(400): CodeIgniter\CodeIgniter->runController(Object(App\Controllers\Dashboard))
#7 /Applications/MAMP/htdocs/ci-news-new/main-app/system/CodeIgniter.php(308): CodeIgniter\CodeIgniter->handleRequest(NULL, Object(Config\Cache), false)
#8 /Applications/MAMP/htdocs/ci-news-new/html/index.php(45): CodeIgniter\CodeIgniter->run()
#9 {main}
