CRITICAL - 2020-06-17 04:32:56 --> There is no data to update.
#0 /Applications/MAMP/htdocs/ci-news/system/Model.php(809): CodeIgniter\Database\Exceptions\DataException::forEmptyDataset('update')
#1 /Applications/MAMP/htdocs/ci-news/app/Controllers/Dashboard.php(57): CodeIgniter\Model->update(Array)
#2 /Applications/MAMP/htdocs/ci-news/system/CodeIgniter.php(914): App\Controllers\Dashboard->reject('6')
#3 /Applications/MAMP/htdocs/ci-news/system/CodeIgniter.php(400): CodeIgniter\CodeIgniter->runController(Object(App\Controllers\Dashboard))
#4 /Applications/MAMP/htdocs/ci-news/system/CodeIgniter.php(308): CodeIgniter\CodeIgniter->handleRequest(NULL, Object(Config\Cache), false)
#5 /Applications/MAMP/htdocs/ci-news/public/index.php(45): CodeIgniter\CodeIgniter->run()
#6 {main}
CRITICAL - 2020-06-17 07:56:12 --> Undefined variable: serviceProvider
#0 /Applications/MAMP/htdocs/ci-news/app/Controllers/Dashboard.php(87): CodeIgniter\Debug\Exceptions->errorHandler(8, 'Undefined varia...', '/Applications/M...', 87, Array)
#1 /Applications/MAMP/htdocs/ci-news/system/CodeIgniter.php(914): App\Controllers\Dashboard->delete('11')
#2 /Applications/MAMP/htdocs/ci-news/system/CodeIgniter.php(400): CodeIgniter\CodeIgniter->runController(Object(App\Controllers\Dashboard))
#3 /Applications/MAMP/htdocs/ci-news/system/CodeIgniter.php(308): CodeIgniter\CodeIgniter->handleRequest(NULL, Object(Config\Cache), false)
#4 /Applications/MAMP/htdocs/ci-news/public/index.php(45): CodeIgniter\CodeIgniter->run()
#5 {main}
CRITICAL - 2020-06-17 07:57:31 --> Router.invalidParameterType
#0 /Applications/MAMP/htdocs/ci-news/system/Router/RouteCollection.php(1357): CodeIgniter\Router\Exceptions\RouterException::forInvalidParameterType()
#1 /Applications/MAMP/htdocs/ci-news/system/Router/RouteCollection.php(1221): CodeIgniter\Router\RouteCollection->fillRouteParams('dashboard/user/...', Array)
#2 /Applications/MAMP/htdocs/ci-news/system/Common.php(874): CodeIgniter\Router\RouteCollection->reverseRoute('approve-user', NULL)
#3 /Applications/MAMP/htdocs/ci-news/app/Views/admin/user.php(59): route_to('approve-user', NULL)
#4 /Applications/MAMP/htdocs/ci-news/system/View/View.php(246): include('/Applications/M...')
#5 /Applications/MAMP/htdocs/ci-news/system/Common.php(1087): CodeIgniter\View\View->render('admin/user', Array, true)
#6 /Applications/MAMP/htdocs/ci-news/app/Controllers/Dashboard.php(47): view('admin/user', Array)
#7 /Applications/MAMP/htdocs/ci-news/system/CodeIgniter.php(914): App\Controllers\Dashboard->user('11')
#8 /Applications/MAMP/htdocs/ci-news/system/CodeIgniter.php(400): CodeIgniter\CodeIgniter->runController(Object(App\Controllers\Dashboard))
#9 /Applications/MAMP/htdocs/ci-news/system/CodeIgniter.php(308): CodeIgniter\CodeIgniter->handleRequest(NULL, Object(Config\Cache), false)
#10 /Applications/MAMP/htdocs/ci-news/public/index.php(45): CodeIgniter\CodeIgniter->run()
#11 {main}
CRITICAL - 2020-06-17 07:57:37 --> Router.invalidParameterType
#0 /Applications/MAMP/htdocs/ci-news/system/Router/RouteCollection.php(1357): CodeIgniter\Router\Exceptions\RouterException::forInvalidParameterType()
#1 /Applications/MAMP/htdocs/ci-news/system/Router/RouteCollection.php(1221): CodeIgniter\Router\RouteCollection->fillRouteParams('dashboard/user/...', Array)
#2 /Applications/MAMP/htdocs/ci-news/system/Common.php(874): CodeIgniter\Router\RouteCollection->reverseRoute('approve-user', NULL)
#3 /Applications/MAMP/htdocs/ci-news/app/Views/admin/user.php(59): route_to('approve-user', NULL)
#4 /Applications/MAMP/htdocs/ci-news/system/View/View.php(246): include('/Applications/M...')
#5 /Applications/MAMP/htdocs/ci-news/system/Common.php(1087): CodeIgniter\View\View->render('admin/user', Array, true)
#6 /Applications/MAMP/htdocs/ci-news/app/Controllers/Dashboard.php(47): view('admin/user', Array)
#7 /Applications/MAMP/htdocs/ci-news/system/CodeIgniter.php(914): App\Controllers\Dashboard->user('11')
#8 /Applications/MAMP/htdocs/ci-news/system/CodeIgniter.php(400): CodeIgniter\CodeIgniter->runController(Object(App\Controllers\Dashboard))
#9 /Applications/MAMP/htdocs/ci-news/system/CodeIgniter.php(308): CodeIgniter\CodeIgniter->handleRequest(NULL, Object(Config\Cache), false)
#10 /Applications/MAMP/htdocs/ci-news/public/index.php(45): CodeIgniter\CodeIgniter->run()
#11 {main}
CRITICAL - 2020-06-17 07:58:12 --> Router.invalidParameterType
#0 /Applications/MAMP/htdocs/ci-news/system/Router/RouteCollection.php(1357): CodeIgniter\Router\Exceptions\RouterException::forInvalidParameterType()
#1 /Applications/MAMP/htdocs/ci-news/system/Router/RouteCollection.php(1221): CodeIgniter\Router\RouteCollection->fillRouteParams('dashboard/user/...', Array)
#2 /Applications/MAMP/htdocs/ci-news/system/Common.php(874): CodeIgniter\Router\RouteCollection->reverseRoute('approve-user', NULL)
#3 /Applications/MAMP/htdocs/ci-news/app/Views/admin/user.php(59): route_to('approve-user', NULL)
#4 /Applications/MAMP/htdocs/ci-news/system/View/View.php(246): include('/Applications/M...')
#5 /Applications/MAMP/htdocs/ci-news/system/Common.php(1087): CodeIgniter\View\View->render('admin/user', Array, true)
#6 /Applications/MAMP/htdocs/ci-news/app/Controllers/Dashboard.php(47): view('admin/user', Array)
#7 /Applications/MAMP/htdocs/ci-news/system/CodeIgniter.php(914): App\Controllers\Dashboard->user('11')
#8 /Applications/MAMP/htdocs/ci-news/system/CodeIgniter.php(400): CodeIgniter\CodeIgniter->runController(Object(App\Controllers\Dashboard))
#9 /Applications/MAMP/htdocs/ci-news/system/CodeIgniter.php(308): CodeIgniter\CodeIgniter->handleRequest(NULL, Object(Config\Cache), false)
#10 /Applications/MAMP/htdocs/ci-news/public/index.php(45): CodeIgniter\CodeIgniter->run()
#11 {main}
CRITICAL - 2020-06-17 07:58:13 --> Router.invalidParameterType
#0 /Applications/MAMP/htdocs/ci-news/system/Router/RouteCollection.php(1357): CodeIgniter\Router\Exceptions\RouterException::forInvalidParameterType()
#1 /Applications/MAMP/htdocs/ci-news/system/Router/RouteCollection.php(1221): CodeIgniter\Router\RouteCollection->fillRouteParams('dashboard/user/...', Array)
#2 /Applications/MAMP/htdocs/ci-news/system/Common.php(874): CodeIgniter\Router\RouteCollection->reverseRoute('approve-user', NULL)
#3 /Applications/MAMP/htdocs/ci-news/app/Views/admin/user.php(59): route_to('approve-user', NULL)
#4 /Applications/MAMP/htdocs/ci-news/system/View/View.php(246): include('/Applications/M...')
#5 /Applications/MAMP/htdocs/ci-news/system/Common.php(1087): CodeIgniter\View\View->render('admin/user', Array, true)
#6 /Applications/MAMP/htdocs/ci-news/app/Controllers/Dashboard.php(47): view('admin/user', Array)
#7 /Applications/MAMP/htdocs/ci-news/system/CodeIgniter.php(914): App\Controllers\Dashboard->user('1')
#8 /Applications/MAMP/htdocs/ci-news/system/CodeIgniter.php(400): CodeIgniter\CodeIgniter->runController(Object(App\Controllers\Dashboard))
#9 /Applications/MAMP/htdocs/ci-news/system/CodeIgniter.php(308): CodeIgniter\CodeIgniter->handleRequest(NULL, Object(Config\Cache), false)
#10 /Applications/MAMP/htdocs/ci-news/public/index.php(45): CodeIgniter\CodeIgniter->run()
#11 {main}
CRITICAL - 2020-06-17 07:58:15 --> Router.invalidParameterType
#0 /Applications/MAMP/htdocs/ci-news/system/Router/RouteCollection.php(1357): CodeIgniter\Router\Exceptions\RouterException::forInvalidParameterType()
#1 /Applications/MAMP/htdocs/ci-news/system/Router/RouteCollection.php(1221): CodeIgniter\Router\RouteCollection->fillRouteParams('dashboard/user/...', Array)
#2 /Applications/MAMP/htdocs/ci-news/system/Common.php(874): CodeIgniter\Router\RouteCollection->reverseRoute('approve-user', NULL)
#3 /Applications/MAMP/htdocs/ci-news/app/Views/admin/user.php(59): route_to('approve-user', NULL)
#4 /Applications/MAMP/htdocs/ci-news/system/View/View.php(246): include('/Applications/M...')
#5 /Applications/MAMP/htdocs/ci-news/system/Common.php(1087): CodeIgniter\View\View->render('admin/user', Array, true)
#6 /Applications/MAMP/htdocs/ci-news/app/Controllers/Dashboard.php(47): view('admin/user', Array)
#7 /Applications/MAMP/htdocs/ci-news/system/CodeIgniter.php(914): App\Controllers\Dashboard->user('60')
#8 /Applications/MAMP/htdocs/ci-news/system/CodeIgniter.php(400): CodeIgniter\CodeIgniter->runController(Object(App\Controllers\Dashboard))
#9 /Applications/MAMP/htdocs/ci-news/system/CodeIgniter.php(308): CodeIgniter\CodeIgniter->handleRequest(NULL, Object(Config\Cache), false)
#10 /Applications/MAMP/htdocs/ci-news/public/index.php(45): CodeIgniter\CodeIgniter->run()
#11 {main}
