CRITICAL - 2020-06-12 03:18:18 --> Call to a member function num_rows() on array
#0 /Applications/MAMP/htdocs/ci-news/system/CodeIgniter.php(914): App\Controllers\Admin->auth()
#1 /Applications/MAMP/htdocs/ci-news/system/CodeIgniter.php(400): CodeIgniter\CodeIgniter->runController(Object(App\Controllers\Admin))
#2 /Applications/MAMP/htdocs/ci-news/system/CodeIgniter.php(308): CodeIgniter\CodeIgniter->handleRequest(NULL, Object(Config\Cache), false)
#3 /Applications/MAMP/htdocs/ci-news/public/index.php(45): CodeIgniter\CodeIgniter->run()
#4 {main}
CRITICAL - 2020-06-12 03:19:21 --> Call to a member function countAllResults() on array
#0 /Applications/MAMP/htdocs/ci-news/system/CodeIgniter.php(914): App\Controllers\Admin->auth()
#1 /Applications/MAMP/htdocs/ci-news/system/CodeIgniter.php(400): CodeIgniter\CodeIgniter->runController(Object(App\Controllers\Admin))
#2 /Applications/MAMP/htdocs/ci-news/system/CodeIgniter.php(308): CodeIgniter\CodeIgniter->handleRequest(NULL, Object(Config\Cache), false)
#3 /Applications/MAMP/htdocs/ci-news/public/index.php(45): CodeIgniter\CodeIgniter->run()
#4 {main}
CRITICAL - 2020-06-12 03:19:39 --> Call to a member function count() on array
#0 /Applications/MAMP/htdocs/ci-news/system/CodeIgniter.php(914): App\Controllers\Admin->auth()
#1 /Applications/MAMP/htdocs/ci-news/system/CodeIgniter.php(400): CodeIgniter\CodeIgniter->runController(Object(App\Controllers\Admin))
#2 /Applications/MAMP/htdocs/ci-news/system/CodeIgniter.php(308): CodeIgniter\CodeIgniter->handleRequest(NULL, Object(Config\Cache), false)
#3 /Applications/MAMP/htdocs/ci-news/public/index.php(45): CodeIgniter\CodeIgniter->run()
#4 {main}
CRITICAL - 2020-06-12 03:19:58 --> Call to a member function countAll() on array
#0 /Applications/MAMP/htdocs/ci-news/system/CodeIgniter.php(914): App\Controllers\Admin->auth()
#1 /Applications/MAMP/htdocs/ci-news/system/CodeIgniter.php(400): CodeIgniter\CodeIgniter->runController(Object(App\Controllers\Admin))
#2 /Applications/MAMP/htdocs/ci-news/system/CodeIgniter.php(308): CodeIgniter\CodeIgniter->handleRequest(NULL, Object(Config\Cache), false)
#3 /Applications/MAMP/htdocs/ci-news/public/index.php(45): CodeIgniter\CodeIgniter->run()
#4 {main}
CRITICAL - 2020-06-12 04:23:41 --> Cannot call constructor
#0 /Applications/MAMP/htdocs/ci-news/system/CodeIgniter.php(886): App\Controllers\Admin->__construct()
#1 /Applications/MAMP/htdocs/ci-news/system/CodeIgniter.php(395): CodeIgniter\CodeIgniter->createController()
#2 /Applications/MAMP/htdocs/ci-news/system/CodeIgniter.php(308): CodeIgniter\CodeIgniter->handleRequest(NULL, Object(Config\Cache), false)
#3 /Applications/MAMP/htdocs/ci-news/public/index.php(45): CodeIgniter\CodeIgniter->run()
#4 {main}
CRITICAL - 2020-06-12 04:25:58 --> Cannot call constructor
#0 /Applications/MAMP/htdocs/ci-news/system/CodeIgniter.php(886): App\Controllers\Admin->__construct()
#1 /Applications/MAMP/htdocs/ci-news/system/CodeIgniter.php(395): CodeIgniter\CodeIgniter->createController()
#2 /Applications/MAMP/htdocs/ci-news/system/CodeIgniter.php(308): CodeIgniter\CodeIgniter->handleRequest(NULL, Object(Config\Cache), false)
#3 /Applications/MAMP/htdocs/ci-news/public/index.php(45): CodeIgniter\CodeIgniter->run()
#4 {main}
CRITICAL - 2020-06-12 04:26:07 --> Undefined variable: session
#0 /Applications/MAMP/htdocs/ci-news/app/Views/admin/login.php(6): CodeIgniter\Debug\Exceptions->errorHandler(8, 'Undefined varia...', '/Applications/M...', 6, Array)
#1 /Applications/MAMP/htdocs/ci-news/system/View/View.php(246): include('/Applications/M...')
#2 /Applications/MAMP/htdocs/ci-news/system/Common.php(1087): CodeIgniter\View\View->render('admin/login', Array, true)
#3 /Applications/MAMP/htdocs/ci-news/app/Controllers/Admin.php(16): view('admin/login', Array)
#4 /Applications/MAMP/htdocs/ci-news/system/CodeIgniter.php(914): App\Controllers\Admin->index()
#5 /Applications/MAMP/htdocs/ci-news/system/CodeIgniter.php(400): CodeIgniter\CodeIgniter->runController(Object(App\Controllers\Admin))
#6 /Applications/MAMP/htdocs/ci-news/system/CodeIgniter.php(308): CodeIgniter\CodeIgniter->handleRequest(NULL, Object(Config\Cache), false)
#7 /Applications/MAMP/htdocs/ci-news/public/index.php(45): CodeIgniter\CodeIgniter->run()
#8 {main}
CRITICAL - 2020-06-12 04:27:16 --> Undefined variable: session
#0 /Applications/MAMP/htdocs/ci-news/app/Views/admin/login.php(6): CodeIgniter\Debug\Exceptions->errorHandler(8, 'Undefined varia...', '/Applications/M...', 6, Array)
#1 /Applications/MAMP/htdocs/ci-news/system/View/View.php(246): include('/Applications/M...')
#2 /Applications/MAMP/htdocs/ci-news/system/Common.php(1087): CodeIgniter\View\View->render('admin/login', Array, true)
#3 /Applications/MAMP/htdocs/ci-news/app/Controllers/Admin.php(17): view('admin/login', Array)
#4 /Applications/MAMP/htdocs/ci-news/system/CodeIgniter.php(914): App\Controllers\Admin->index()
#5 /Applications/MAMP/htdocs/ci-news/system/CodeIgniter.php(400): CodeIgniter\CodeIgniter->runController(Object(App\Controllers\Admin))
#6 /Applications/MAMP/htdocs/ci-news/system/CodeIgniter.php(308): CodeIgniter\CodeIgniter->handleRequest(NULL, Object(Config\Cache), false)
#7 /Applications/MAMP/htdocs/ci-news/public/index.php(45): CodeIgniter\CodeIgniter->run()
#8 {main}
CRITICAL - 2020-06-12 04:29:29 --> Cannot call constructor
#0 /Applications/MAMP/htdocs/ci-news/system/CodeIgniter.php(886): App\Controllers\Dashboard->__construct()
#1 /Applications/MAMP/htdocs/ci-news/system/CodeIgniter.php(395): CodeIgniter\CodeIgniter->createController()
#2 /Applications/MAMP/htdocs/ci-news/system/CodeIgniter.php(308): CodeIgniter\CodeIgniter->handleRequest(NULL, Object(Config\Cache), false)
#3 /Applications/MAMP/htdocs/ci-news/public/index.php(45): CodeIgniter\CodeIgniter->run()
#4 {main}
CRITICAL - 2020-06-12 04:43:25 --> Undefined variable: session
#0 /Applications/MAMP/htdocs/ci-news/app/Controllers/Dashboard.php(14): CodeIgniter\Debug\Exceptions->errorHandler(8, 'Undefined varia...', '/Applications/M...', 14, Array)
#1 /Applications/MAMP/htdocs/ci-news/app/Controllers/Dashboard.php(10): App\Controllers\Dashboard->admin_session_validator()
#2 /Applications/MAMP/htdocs/ci-news/system/CodeIgniter.php(886): App\Controllers\Dashboard->__construct()
#3 /Applications/MAMP/htdocs/ci-news/system/CodeIgniter.php(395): CodeIgniter\CodeIgniter->createController()
#4 /Applications/MAMP/htdocs/ci-news/system/CodeIgniter.php(308): CodeIgniter\CodeIgniter->handleRequest(NULL, Object(Config\Cache), false)
#5 /Applications/MAMP/htdocs/ci-news/public/index.php(45): CodeIgniter\CodeIgniter->run()
#6 {main}
CRITICAL - 2020-06-12 04:45:49 --> Object of class CodeIgniter\HTTP\RedirectResponse could not be converted to string
#0 /Applications/MAMP/htdocs/ci-news/app/Controllers/Dashboard.php(14): CodeIgniter\Debug\Exceptions->errorHandler(4096, 'Object of class...', '/Applications/M...', 14, Array)
#1 /Applications/MAMP/htdocs/ci-news/app/Controllers/Dashboard.php(9): App\Controllers\Dashboard->admin_session_validator()
#2 /Applications/MAMP/htdocs/ci-news/system/CodeIgniter.php(886): App\Controllers\Dashboard->__construct()
#3 /Applications/MAMP/htdocs/ci-news/system/CodeIgniter.php(395): CodeIgniter\CodeIgniter->createController()
#4 /Applications/MAMP/htdocs/ci-news/system/CodeIgniter.php(308): CodeIgniter\CodeIgniter->handleRequest(NULL, Object(Config\Cache), false)
#5 /Applications/MAMP/htdocs/ci-news/public/index.php(45): CodeIgniter\CodeIgniter->run()
#6 {main}
CRITICAL - 2020-06-12 04:46:01 --> syntax error, unexpected '}'
#0 /Applications/MAMP/htdocs/ci-news/system/Autoloader/Autoloader.php(296): CodeIgniter\Autoloader\Autoloader->requireFile('/Applications/M...')
#1 /Applications/MAMP/htdocs/ci-news/system/Autoloader/Autoloader.php(258): CodeIgniter\Autoloader\Autoloader->loadInNamespace('App\\Controllers...')
#2 [internal function]: CodeIgniter\Autoloader\Autoloader->loadClass('App\\Controllers...')
#3 [internal function]: spl_autoload_call('App\\Controllers...')
#4 /Applications/MAMP/htdocs/ci-news/system/CodeIgniter.php(865): class_exists('\\App\\Controller...', true)
#5 /Applications/MAMP/htdocs/ci-news/system/CodeIgniter.php(390): CodeIgniter\CodeIgniter->startController()
#6 /Applications/MAMP/htdocs/ci-news/system/CodeIgniter.php(308): CodeIgniter\CodeIgniter->handleRequest(NULL, Object(Config\Cache), false)
#7 /Applications/MAMP/htdocs/ci-news/public/index.php(45): CodeIgniter\CodeIgniter->run()
#8 {main}
CRITICAL - 2020-06-12 04:58:35 --> syntax error, unexpected '}'
#0 /Applications/MAMP/htdocs/ci-news/system/Autoloader/Autoloader.php(296): CodeIgniter\Autoloader\Autoloader->requireFile('/Applications/M...')
#1 /Applications/MAMP/htdocs/ci-news/system/Autoloader/Autoloader.php(258): CodeIgniter\Autoloader\Autoloader->loadInNamespace('App\\Controllers...')
#2 [internal function]: CodeIgniter\Autoloader\Autoloader->loadClass('App\\Controllers...')
#3 [internal function]: spl_autoload_call('App\\Controllers...')
#4 /Applications/MAMP/htdocs/ci-news/system/CodeIgniter.php(865): class_exists('\\App\\Controller...', true)
#5 /Applications/MAMP/htdocs/ci-news/system/CodeIgniter.php(390): CodeIgniter\CodeIgniter->startController()
#6 /Applications/MAMP/htdocs/ci-news/system/CodeIgniter.php(308): CodeIgniter\CodeIgniter->handleRequest(NULL, Object(Config\Cache), false)
#7 /Applications/MAMP/htdocs/ci-news/public/index.php(45): CodeIgniter\CodeIgniter->run()
#8 {main}
CRITICAL - 2020-06-12 05:38:15 --> Undefined variable: session
#0 /Applications/MAMP/htdocs/ci-news/app/Controllers/Admin.php(42): CodeIgniter\Debug\Exceptions->errorHandler(8, 'Undefined varia...', '/Applications/M...', 42, Array)
#1 /Applications/MAMP/htdocs/ci-news/system/CodeIgniter.php(914): App\Controllers\Admin->auth()
#2 /Applications/MAMP/htdocs/ci-news/system/CodeIgniter.php(400): CodeIgniter\CodeIgniter->runController(Object(App\Controllers\Admin))
#3 /Applications/MAMP/htdocs/ci-news/system/CodeIgniter.php(308): CodeIgniter\CodeIgniter->handleRequest(NULL, Object(Config\Cache), false)
#4 /Applications/MAMP/htdocs/ci-news/public/index.php(45): CodeIgniter\CodeIgniter->run()
#5 {main}
CRITICAL - 2020-06-12 05:39:15 --> Undefined property: App\Controllers\Admin::$session
#0 /Applications/MAMP/htdocs/ci-news/app/Controllers/Admin.php(41): CodeIgniter\Debug\Exceptions->errorHandler(8, 'Undefined prope...', '/Applications/M...', 41, Array)
#1 /Applications/MAMP/htdocs/ci-news/system/CodeIgniter.php(914): App\Controllers\Admin->auth()
#2 /Applications/MAMP/htdocs/ci-news/system/CodeIgniter.php(400): CodeIgniter\CodeIgniter->runController(Object(App\Controllers\Admin))
#3 /Applications/MAMP/htdocs/ci-news/system/CodeIgniter.php(308): CodeIgniter\CodeIgniter->handleRequest(NULL, Object(Config\Cache), false)
#4 /Applications/MAMP/htdocs/ci-news/public/index.php(45): CodeIgniter\CodeIgniter->run()
#5 {main}
CRITICAL - 2020-06-12 08:17:20 --> Undefined variable: session
#0 /Applications/MAMP/htdocs/ci-news/app/Views/admin/login.php(6): CodeIgniter\Debug\Exceptions->errorHandler(8, 'Undefined varia...', '/Applications/M...', 6, Array)
#1 /Applications/MAMP/htdocs/ci-news/system/View/View.php(246): include('/Applications/M...')
#2 /Applications/MAMP/htdocs/ci-news/system/Common.php(1087): CodeIgniter\View\View->render('admin/login', Array, true)
#3 /Applications/MAMP/htdocs/ci-news/app/Controllers/Admin.php(19): view('admin/login', Array)
#4 /Applications/MAMP/htdocs/ci-news/system/CodeIgniter.php(914): App\Controllers\Admin->index()
#5 /Applications/MAMP/htdocs/ci-news/system/CodeIgniter.php(400): CodeIgniter\CodeIgniter->runController(Object(App\Controllers\Admin))
#6 /Applications/MAMP/htdocs/ci-news/system/CodeIgniter.php(308): CodeIgniter\CodeIgniter->handleRequest(NULL, Object(Config\Cache), false)
#7 /Applications/MAMP/htdocs/ci-news/public/index.php(45): CodeIgniter\CodeIgniter->run()
#8 {main}
CRITICAL - 2020-06-12 14:36:12 --> Undefined variable: status
#0 /Applications/MAMP/htdocs/ci-news/app/Views/admin/user.php(21): CodeIgniter\Debug\Exceptions->errorHandler(8, 'Undefined varia...', '/Applications/M...', 21, Array)
#1 /Applications/MAMP/htdocs/ci-news/system/View/View.php(246): include('/Applications/M...')
#2 /Applications/MAMP/htdocs/ci-news/system/Common.php(1087): CodeIgniter\View\View->render('admin/user', Array, true)
#3 /Applications/MAMP/htdocs/ci-news/app/Controllers/Dashboard.php(47): view('admin/user', Array)
#4 /Applications/MAMP/htdocs/ci-news/system/CodeIgniter.php(914): App\Controllers\Dashboard->user('4')
#5 /Applications/MAMP/htdocs/ci-news/system/CodeIgniter.php(400): CodeIgniter\CodeIgniter->runController(Object(App\Controllers\Dashboard))
#6 /Applications/MAMP/htdocs/ci-news/system/CodeIgniter.php(308): CodeIgniter\CodeIgniter->handleRequest(NULL, Object(Config\Cache), false)
#7 /Applications/MAMP/htdocs/ci-news/public/index.php(45): CodeIgniter\CodeIgniter->run()
#8 {main}
