CRITICAL - 2020-06-22 04:31:08 --> Argument 2 passed to CodeIgniter\Validation\FileRules::is_image() must be of the type string, null given, called in /Applications/MAMP/htdocs/ci-news-new/main-app/system/Validation/Validation.php on line 294
#0 /Applications/MAMP/htdocs/ci-news-new/main-app/system/Validation/Validation.php(294): CodeIgniter\Validation\FileRules->is_image('', NULL)
#1 /Applications/MAMP/htdocs/ci-news-new/main-app/system/Validation/Validation.php(189): CodeIgniter\Validation\Validation->processRules('logo', 'logo', '', Array, Array)
#2 /Applications/MAMP/htdocs/ci-news-new/main-app/system/Controller.php(219): CodeIgniter\Validation\Validation->run()
#3 /Applications/MAMP/htdocs/ci-news-new/main-app/app/Controllers/Dashboard.php(101): CodeIgniter\Controller->validate(Array)
#4 /Applications/MAMP/htdocs/ci-news-new/main-app/system/CodeIgniter.php(914): App\Controllers\Dashboard->processAdditionalInformation('7')
#5 /Applications/MAMP/htdocs/ci-news-new/main-app/system/CodeIgniter.php(400): CodeIgniter\CodeIgniter->runController(Object(App\Controllers\Dashboard))
#6 /Applications/MAMP/htdocs/ci-news-new/main-app/system/CodeIgniter.php(308): CodeIgniter\CodeIgniter->handleRequest(NULL, Object(Config\Cache), false)
#7 /Applications/MAMP/htdocs/ci-news-new/html/index.php(45): CodeIgniter\CodeIgniter->run()
#8 {main}
CRITICAL - 2020-06-22 04:32:56 --> Argument 2 passed to CodeIgniter\Validation\FileRules::is_image() must be of the type string, null given, called in /Applications/MAMP/htdocs/ci-news-new/main-app/system/Validation/Validation.php on line 294
#0 /Applications/MAMP/htdocs/ci-news-new/main-app/system/Validation/Validation.php(294): CodeIgniter\Validation\FileRules->is_image('', NULL)
#1 /Applications/MAMP/htdocs/ci-news-new/main-app/system/Validation/Validation.php(189): CodeIgniter\Validation\Validation->processRules('logo', 'logo', '', Array, Array)
#2 /Applications/MAMP/htdocs/ci-news-new/main-app/system/Controller.php(219): CodeIgniter\Validation\Validation->run()
#3 /Applications/MAMP/htdocs/ci-news-new/main-app/app/Controllers/Dashboard.php(101): CodeIgniter\Controller->validate(Array)
#4 /Applications/MAMP/htdocs/ci-news-new/main-app/system/CodeIgniter.php(914): App\Controllers\Dashboard->processAdditionalInformation('7')
#5 /Applications/MAMP/htdocs/ci-news-new/main-app/system/CodeIgniter.php(400): CodeIgniter\CodeIgniter->runController(Object(App\Controllers\Dashboard))
#6 /Applications/MAMP/htdocs/ci-news-new/main-app/system/CodeIgniter.php(308): CodeIgniter\CodeIgniter->handleRequest(NULL, Object(Config\Cache), false)
#7 /Applications/MAMP/htdocs/ci-news-new/html/index.php(45): CodeIgniter\CodeIgniter->run()
#8 {main}
CRITICAL - 2020-06-22 04:48:18 -->  is not a valid rule.
#0 /Applications/MAMP/htdocs/ci-news-new/main-app/system/Validation/Validation.php(302): CodeIgniter\Validation\Exceptions\ValidationException::forRuleNotFound('')
#1 /Applications/MAMP/htdocs/ci-news-new/main-app/system/Validation/Validation.php(189): CodeIgniter\Validation\Validation->processRules('logo', 'logo', 'select-plans.pn...', Array, Array)
#2 /Applications/MAMP/htdocs/ci-news-new/main-app/system/Controller.php(219): CodeIgniter\Validation\Validation->run()
#3 /Applications/MAMP/htdocs/ci-news-new/main-app/app/Controllers/Dashboard.php(101): CodeIgniter\Controller->validate(Array)
#4 /Applications/MAMP/htdocs/ci-news-new/main-app/system/CodeIgniter.php(914): App\Controllers\Dashboard->processAdditionalInformation('7')
#5 /Applications/MAMP/htdocs/ci-news-new/main-app/system/CodeIgniter.php(400): CodeIgniter\CodeIgniter->runController(Object(App\Controllers\Dashboard))
#6 /Applications/MAMP/htdocs/ci-news-new/main-app/system/CodeIgniter.php(308): CodeIgniter\CodeIgniter->handleRequest(NULL, Object(Config\Cache), false)
#7 /Applications/MAMP/htdocs/ci-news-new/html/index.php(45): CodeIgniter\CodeIgniter->run()
#8 {main}
CRITICAL - 2020-06-22 04:49:10 --> is_images is not a valid rule.
#0 /Applications/MAMP/htdocs/ci-news-new/main-app/system/Validation/Validation.php(302): CodeIgniter\Validation\Exceptions\ValidationException::forRuleNotFound('is_images')
#1 /Applications/MAMP/htdocs/ci-news-new/main-app/system/Validation/Validation.php(189): CodeIgniter\Validation\Validation->processRules('logo', 'logo', NULL, Array, Array)
#2 /Applications/MAMP/htdocs/ci-news-new/main-app/system/Controller.php(219): CodeIgniter\Validation\Validation->run()
#3 /Applications/MAMP/htdocs/ci-news-new/main-app/app/Controllers/Dashboard.php(101): CodeIgniter\Controller->validate(Array)
#4 /Applications/MAMP/htdocs/ci-news-new/main-app/system/CodeIgniter.php(914): App\Controllers\Dashboard->processAdditionalInformation('7')
#5 /Applications/MAMP/htdocs/ci-news-new/main-app/system/CodeIgniter.php(400): CodeIgniter\CodeIgniter->runController(Object(App\Controllers\Dashboard))
#6 /Applications/MAMP/htdocs/ci-news-new/main-app/system/CodeIgniter.php(308): CodeIgniter\CodeIgniter->handleRequest(NULL, Object(Config\Cache), false)
#7 /Applications/MAMP/htdocs/ci-news-new/html/index.php(45): CodeIgniter\CodeIgniter->run()
#8 {main}
CRITICAL - 2020-06-22 08:34:33 --> Call to undefined method CodeIgniter\HTTP\IncomingRequest::files()
#0 /Applications/MAMP/htdocs/ci-news-new/main-app/system/CodeIgniter.php(914): App\Controllers\Dashboard->processAdditionalInformation('7')
#1 /Applications/MAMP/htdocs/ci-news-new/main-app/system/CodeIgniter.php(400): CodeIgniter\CodeIgniter->runController(Object(App\Controllers\Dashboard))
#2 /Applications/MAMP/htdocs/ci-news-new/main-app/system/CodeIgniter.php(308): CodeIgniter\CodeIgniter->handleRequest(NULL, Object(Config\Cache), false)
#3 /Applications/MAMP/htdocs/ci-news-new/html/index.php(45): CodeIgniter\CodeIgniter->run()
#4 {main}
CRITICAL - 2020-06-22 08:35:40 --> Call to undefined method CodeIgniter\HTTP\IncomingRequest::files()
#0 /Applications/MAMP/htdocs/ci-news-new/main-app/system/CodeIgniter.php(914): App\Controllers\Dashboard->processAdditionalInformation('7')
#1 /Applications/MAMP/htdocs/ci-news-new/main-app/system/CodeIgniter.php(400): CodeIgniter\CodeIgniter->runController(Object(App\Controllers\Dashboard))
#2 /Applications/MAMP/htdocs/ci-news-new/main-app/system/CodeIgniter.php(308): CodeIgniter\CodeIgniter->handleRequest(NULL, Object(Config\Cache), false)
#3 /Applications/MAMP/htdocs/ci-news-new/html/index.php(45): CodeIgniter\CodeIgniter->run()
#4 {main}
CRITICAL - 2020-06-22 08:35:54 --> Call to undefined method CodeIgniter\HTTP\IncomingRequest::files()
#0 /Applications/MAMP/htdocs/ci-news-new/main-app/system/CodeIgniter.php(914): App\Controllers\Dashboard->processAdditionalInformation('7')
#1 /Applications/MAMP/htdocs/ci-news-new/main-app/system/CodeIgniter.php(400): CodeIgniter\CodeIgniter->runController(Object(App\Controllers\Dashboard))
#2 /Applications/MAMP/htdocs/ci-news-new/main-app/system/CodeIgniter.php(308): CodeIgniter\CodeIgniter->handleRequest(NULL, Object(Config\Cache), false)
#3 /Applications/MAMP/htdocs/ci-news-new/html/index.php(45): CodeIgniter\CodeIgniter->run()
#4 {main}
CRITICAL - 2020-06-22 08:38:54 --> Call to undefined function App\Controllers\ver_dump()
#0 /Applications/MAMP/htdocs/ci-news-new/main-app/system/CodeIgniter.php(914): App\Controllers\Dashboard->processAdditionalInformation('7')
#1 /Applications/MAMP/htdocs/ci-news-new/main-app/system/CodeIgniter.php(400): CodeIgniter\CodeIgniter->runController(Object(App\Controllers\Dashboard))
#2 /Applications/MAMP/htdocs/ci-news-new/main-app/system/CodeIgniter.php(308): CodeIgniter\CodeIgniter->handleRequest(NULL, Object(Config\Cache), false)
#3 /Applications/MAMP/htdocs/ci-news-new/html/index.php(45): CodeIgniter\CodeIgniter->run()
#4 {main}
CRITICAL - 2020-06-22 08:43:33 --> Array to string conversion
#0 /Applications/MAMP/htdocs/ci-news-new/main-app/app/Controllers/Dashboard.php(117): CodeIgniter\Debug\Exceptions->errorHandler(8, 'Array to string...', '/Applications/M...', 117, Array)
#1 /Applications/MAMP/htdocs/ci-news-new/main-app/system/CodeIgniter.php(914): App\Controllers\Dashboard->processAdditionalInformation('7')
#2 /Applications/MAMP/htdocs/ci-news-new/main-app/system/CodeIgniter.php(400): CodeIgniter\CodeIgniter->runController(Object(App\Controllers\Dashboard))
#3 /Applications/MAMP/htdocs/ci-news-new/main-app/system/CodeIgniter.php(308): CodeIgniter\CodeIgniter->handleRequest(NULL, Object(Config\Cache), false)
#4 /Applications/MAMP/htdocs/ci-news-new/html/index.php(45): CodeIgniter\CodeIgniter->run()
#5 {main}
CRITICAL - 2020-06-22 13:12:20 --> Undefined variable: file
#0 /Applications/MAMP/htdocs/ci-news-new/main-app/app/Controllers/Dashboard.php(122): CodeIgniter\Debug\Exceptions->errorHandler(8, 'Undefined varia...', '/Applications/M...', 122, Array)
#1 /Applications/MAMP/htdocs/ci-news-new/main-app/system/CodeIgniter.php(914): App\Controllers\Dashboard->processAdditionalInformation('7')
#2 /Applications/MAMP/htdocs/ci-news-new/main-app/system/CodeIgniter.php(400): CodeIgniter\CodeIgniter->runController(Object(App\Controllers\Dashboard))
#3 /Applications/MAMP/htdocs/ci-news-new/main-app/system/CodeIgniter.php(308): CodeIgniter\CodeIgniter->handleRequest(NULL, Object(Config\Cache), false)
#4 /Applications/MAMP/htdocs/ci-news-new/html/index.php(45): CodeIgniter\CodeIgniter->run()
#5 {main}
CRITICAL - 2020-06-22 13:27:53 --> Undefined variable: base_url
#0 /Applications/MAMP/htdocs/ci-news-new/main-app/app/Controllers/Dashboard.php(123): CodeIgniter\Debug\Exceptions->errorHandler(8, 'Undefined varia...', '/Applications/M...', 123, Array)
#1 /Applications/MAMP/htdocs/ci-news-new/main-app/system/CodeIgniter.php(914): App\Controllers\Dashboard->processAdditionalInformation('7')
#2 /Applications/MAMP/htdocs/ci-news-new/main-app/system/CodeIgniter.php(400): CodeIgniter\CodeIgniter->runController(Object(App\Controllers\Dashboard))
#3 /Applications/MAMP/htdocs/ci-news-new/main-app/system/CodeIgniter.php(308): CodeIgniter\CodeIgniter->handleRequest(NULL, Object(Config\Cache), false)
#4 /Applications/MAMP/htdocs/ci-news-new/html/index.php(45): CodeIgniter\CodeIgniter->run()
#5 {main}
CRITICAL - 2020-06-22 13:42:59 --> syntax error, unexpected '}', expecting ';'
#0 /Applications/MAMP/htdocs/ci-news-new/main-app/system/Autoloader/Autoloader.php(296): CodeIgniter\Autoloader\Autoloader->requireFile('/Applications/M...')
#1 /Applications/MAMP/htdocs/ci-news-new/main-app/system/Autoloader/Autoloader.php(258): CodeIgniter\Autoloader\Autoloader->loadInNamespace('App\\Controllers...')
#2 [internal function]: CodeIgniter\Autoloader\Autoloader->loadClass('App\\Controllers...')
#3 [internal function]: spl_autoload_call('App\\Controllers...')
#4 /Applications/MAMP/htdocs/ci-news-new/main-app/system/CodeIgniter.php(865): class_exists('\\App\\Controller...', true)
#5 /Applications/MAMP/htdocs/ci-news-new/main-app/system/CodeIgniter.php(390): CodeIgniter\CodeIgniter->startController()
#6 /Applications/MAMP/htdocs/ci-news-new/main-app/system/CodeIgniter.php(308): CodeIgniter\CodeIgniter->handleRequest(NULL, Object(Config\Cache), false)
#7 /Applications/MAMP/htdocs/ci-news-new/html/index.php(45): CodeIgniter\CodeIgniter->run()
#8 {main}
CRITICAL - 2020-06-22 13:43:01 --> syntax error, unexpected '}', expecting ';'
#0 /Applications/MAMP/htdocs/ci-news-new/main-app/system/Autoloader/Autoloader.php(296): CodeIgniter\Autoloader\Autoloader->requireFile('/Applications/M...')
#1 /Applications/MAMP/htdocs/ci-news-new/main-app/system/Autoloader/Autoloader.php(258): CodeIgniter\Autoloader\Autoloader->loadInNamespace('App\\Controllers...')
#2 [internal function]: CodeIgniter\Autoloader\Autoloader->loadClass('App\\Controllers...')
#3 [internal function]: spl_autoload_call('App\\Controllers...')
#4 /Applications/MAMP/htdocs/ci-news-new/main-app/system/CodeIgniter.php(865): class_exists('\\App\\Controller...', true)
#5 /Applications/MAMP/htdocs/ci-news-new/main-app/system/CodeIgniter.php(390): CodeIgniter\CodeIgniter->startController()
#6 /Applications/MAMP/htdocs/ci-news-new/main-app/system/CodeIgniter.php(308): CodeIgniter\CodeIgniter->handleRequest(NULL, Object(Config\Cache), false)
#7 /Applications/MAMP/htdocs/ci-news-new/html/index.php(45): CodeIgniter\CodeIgniter->run()
#8 {main}
CRITICAL - 2020-06-22 15:20:23 --> Undefined variable: file
#0 /Applications/MAMP/htdocs/ci-news-new/main-app/app/Controllers/Dashboard.php(125): CodeIgniter\Debug\Exceptions->errorHandler(8, 'Undefined varia...', '/Applications/M...', 125, Array)
#1 /Applications/MAMP/htdocs/ci-news-new/main-app/system/CodeIgniter.php(914): App\Controllers\Dashboard->processAdditionalInformation('7')
#2 /Applications/MAMP/htdocs/ci-news-new/main-app/system/CodeIgniter.php(400): CodeIgniter\CodeIgniter->runController(Object(App\Controllers\Dashboard))
#3 /Applications/MAMP/htdocs/ci-news-new/main-app/system/CodeIgniter.php(308): CodeIgniter\CodeIgniter->handleRequest(NULL, Object(Config\Cache), false)
#4 /Applications/MAMP/htdocs/ci-news-new/html/index.php(45): CodeIgniter\CodeIgniter->run()
#5 {main}
CRITICAL - 2020-06-22 15:20:58 --> Undefined variable: file
#0 /Applications/MAMP/htdocs/ci-news-new/main-app/app/Controllers/Dashboard.php(129): CodeIgniter\Debug\Exceptions->errorHandler(8, 'Undefined varia...', '/Applications/M...', 129, Array)
#1 /Applications/MAMP/htdocs/ci-news-new/main-app/system/CodeIgniter.php(914): App\Controllers\Dashboard->processAdditionalInformation('7')
#2 /Applications/MAMP/htdocs/ci-news-new/main-app/system/CodeIgniter.php(400): CodeIgniter\CodeIgniter->runController(Object(App\Controllers\Dashboard))
#3 /Applications/MAMP/htdocs/ci-news-new/main-app/system/CodeIgniter.php(308): CodeIgniter\CodeIgniter->handleRequest(NULL, Object(Config\Cache), false)
#4 /Applications/MAMP/htdocs/ci-news-new/html/index.php(45): CodeIgniter\CodeIgniter->run()
#5 {main}
CRITICAL - 2020-06-22 15:21:31 --> fopen(http://ci-news-new/imagesindex.html): failed to open stream: HTTP wrapper does not support writeable connections
#0 [internal function]: CodeIgniter\Debug\Exceptions->errorHandler(2, 'fopen(http://ci...', '/Applications/M...', 216, Array)
#1 /Applications/MAMP/htdocs/ci-news-new/main-app/system/HTTP/Files/UploadedFile.php(216): fopen('http://ci-news-...', 'x+')
#2 /Applications/MAMP/htdocs/ci-news-new/main-app/system/HTTP/Files/UploadedFile.php(163): CodeIgniter\HTTP\Files\UploadedFile->setPath('http://ci-news-...')
#3 /Applications/MAMP/htdocs/ci-news-new/main-app/app/Controllers/Dashboard.php(129): CodeIgniter\HTTP\Files\UploadedFile->move('http://ci-news-...', '1592857291_5f1b...')
#4 /Applications/MAMP/htdocs/ci-news-new/main-app/system/CodeIgniter.php(914): App\Controllers\Dashboard->processAdditionalInformation('7')
#5 /Applications/MAMP/htdocs/ci-news-new/main-app/system/CodeIgniter.php(400): CodeIgniter\CodeIgniter->runController(Object(App\Controllers\Dashboard))
#6 /Applications/MAMP/htdocs/ci-news-new/main-app/system/CodeIgniter.php(308): CodeIgniter\CodeIgniter->handleRequest(NULL, Object(Config\Cache), false)
#7 /Applications/MAMP/htdocs/ci-news-new/html/index.php(45): CodeIgniter\CodeIgniter->run()
#8 {main}
CRITICAL - 2020-06-22 15:22:46 --> fopen(http://ci-news-new/images/index.html): failed to open stream: HTTP wrapper does not support writeable connections
#0 [internal function]: CodeIgniter\Debug\Exceptions->errorHandler(2, 'fopen(http://ci...', '/Applications/M...', 216, Array)
#1 /Applications/MAMP/htdocs/ci-news-new/main-app/system/HTTP/Files/UploadedFile.php(216): fopen('http://ci-news-...', 'x+')
#2 /Applications/MAMP/htdocs/ci-news-new/main-app/system/HTTP/Files/UploadedFile.php(163): CodeIgniter\HTTP\Files\UploadedFile->setPath('http://ci-news-...')
#3 /Applications/MAMP/htdocs/ci-news-new/main-app/app/Controllers/Dashboard.php(129): CodeIgniter\HTTP\Files\UploadedFile->move('http://ci-news-...', '1592857366_95d3...')
#4 /Applications/MAMP/htdocs/ci-news-new/main-app/system/CodeIgniter.php(914): App\Controllers\Dashboard->processAdditionalInformation('7')
#5 /Applications/MAMP/htdocs/ci-news-new/main-app/system/CodeIgniter.php(400): CodeIgniter\CodeIgniter->runController(Object(App\Controllers\Dashboard))
#6 /Applications/MAMP/htdocs/ci-news-new/main-app/system/CodeIgniter.php(308): CodeIgniter\CodeIgniter->handleRequest(NULL, Object(Config\Cache), false)
#7 /Applications/MAMP/htdocs/ci-news-new/html/index.php(45): CodeIgniter\CodeIgniter->run()
#8 {main}
CRITICAL - 2020-06-22 15:36:39 --> syntax error, unexpected ''./public/images'' (T_CONSTANT_ENCAPSED_STRING)
#0 /Applications/MAMP/htdocs/ci-news-new/main-app/system/Autoloader/Autoloader.php(296): CodeIgniter\Autoloader\Autoloader->requireFile('/Applications/M...')
#1 /Applications/MAMP/htdocs/ci-news-new/main-app/system/Autoloader/Autoloader.php(258): CodeIgniter\Autoloader\Autoloader->loadInNamespace('App\\Controllers...')
#2 [internal function]: CodeIgniter\Autoloader\Autoloader->loadClass('App\\Controllers...')
#3 [internal function]: spl_autoload_call('App\\Controllers...')
#4 /Applications/MAMP/htdocs/ci-news-new/main-app/system/CodeIgniter.php(865): class_exists('\\App\\Controller...', true)
#5 /Applications/MAMP/htdocs/ci-news-new/main-app/system/CodeIgniter.php(390): CodeIgniter\CodeIgniter->startController()
#6 /Applications/MAMP/htdocs/ci-news-new/main-app/system/CodeIgniter.php(308): CodeIgniter\CodeIgniter->handleRequest(NULL, Object(Config\Cache), false)
#7 /Applications/MAMP/htdocs/ci-news-new/html/index.php(45): CodeIgniter\CodeIgniter->run()
#8 {main}
