CRITICAL - 2020-06-01 06:57:40 --> Undefined variable: validation
#0 /Applications/MAMP/htdocs/ci-news/app/Controllers/Home.php(24): CodeIgniter\Debug\Exceptions->errorHandler(8, 'Undefined varia...', '/Applications/M...', 24, Array)
#1 /Applications/MAMP/htdocs/ci-news/system/CodeIgniter.php(914): App\Controllers\Home->process()
#2 /Applications/MAMP/htdocs/ci-news/system/CodeIgniter.php(400): CodeIgniter\CodeIgniter->runController(Object(App\Controllers\Home))
#3 /Applications/MAMP/htdocs/ci-news/system/CodeIgniter.php(308): CodeIgniter\CodeIgniter->handleRequest(NULL, Object(Config\Cache), false)
#4 /Applications/MAMP/htdocs/ci-news/public/index.php(45): CodeIgniter\CodeIgniter->run()
#5 {main}
CRITICAL - 2020-06-01 06:57:54 --> Undefined variable: validation
#0 /Applications/MAMP/htdocs/ci-news/app/Controllers/Home.php(24): CodeIgniter\Debug\Exceptions->errorHandler(8, 'Undefined varia...', '/Applications/M...', 24, Array)
#1 /Applications/MAMP/htdocs/ci-news/system/CodeIgniter.php(914): App\Controllers\Home->process()
#2 /Applications/MAMP/htdocs/ci-news/system/CodeIgniter.php(400): CodeIgniter\CodeIgniter->runController(Object(App\Controllers\Home))
#3 /Applications/MAMP/htdocs/ci-news/system/CodeIgniter.php(308): CodeIgniter\CodeIgniter->handleRequest(NULL, Object(Config\Cache), false)
#4 /Applications/MAMP/htdocs/ci-news/public/index.php(45): CodeIgniter\CodeIgniter->run()
#5 {main}
CRITICAL - 2020-06-01 07:14:25 --> Undefined variable: title
#0 /Applications/MAMP/htdocs/ci-news/app/Views/template/header.php(8): CodeIgniter\Debug\Exceptions->errorHandler(8, 'Undefined varia...', '/Applications/M...', 8, Array)
#1 /Applications/MAMP/htdocs/ci-news/system/View/View.php(246): include('/Applications/M...')
#2 /Applications/MAMP/htdocs/ci-news/system/Common.php(1087): CodeIgniter\View\View->render('template/header', Array, true)
#3 /Applications/MAMP/htdocs/ci-news/app/Controllers/Home.php(26): view('template/header')
#4 /Applications/MAMP/htdocs/ci-news/system/CodeIgniter.php(914): App\Controllers\Home->process()
#5 /Applications/MAMP/htdocs/ci-news/system/CodeIgniter.php(400): CodeIgniter\CodeIgniter->runController(Object(App\Controllers\Home))
#6 /Applications/MAMP/htdocs/ci-news/system/CodeIgniter.php(308): CodeIgniter\CodeIgniter->handleRequest(NULL, Object(Config\Cache), false)
#7 /Applications/MAMP/htdocs/ci-news/public/index.php(45): CodeIgniter\CodeIgniter->run()
#8 {main}
CRITICAL - 2020-06-01 07:15:02 --> Undefined variable: validation
#0 /Applications/MAMP/htdocs/ci-news/app/Controllers/Home.php(27): CodeIgniter\Debug\Exceptions->errorHandler(8, 'Undefined varia...', '/Applications/M...', 27, Array)
#1 /Applications/MAMP/htdocs/ci-news/system/CodeIgniter.php(914): App\Controllers\Home->process()
#2 /Applications/MAMP/htdocs/ci-news/system/CodeIgniter.php(400): CodeIgniter\CodeIgniter->runController(Object(App\Controllers\Home))
#3 /Applications/MAMP/htdocs/ci-news/system/CodeIgniter.php(308): CodeIgniter\CodeIgniter->handleRequest(NULL, Object(Config\Cache), false)
#4 /Applications/MAMP/htdocs/ci-news/public/index.php(45): CodeIgniter\CodeIgniter->run()
#5 {main}
CRITICAL - 2020-06-01 07:15:41 --> syntax error, unexpected '}'
#0 /Applications/MAMP/htdocs/ci-news/system/Common.php(1087): CodeIgniter\View\View->render('home', Array, true)
#1 /Applications/MAMP/htdocs/ci-news/app/Controllers/Home.php(29): view('home', Array)
#2 /Applications/MAMP/htdocs/ci-news/system/CodeIgniter.php(914): App\Controllers\Home->process()
#3 /Applications/MAMP/htdocs/ci-news/system/CodeIgniter.php(400): CodeIgniter\CodeIgniter->runController(Object(App\Controllers\Home))
#4 /Applications/MAMP/htdocs/ci-news/system/CodeIgniter.php(308): CodeIgniter\CodeIgniter->handleRequest(NULL, Object(Config\Cache), false)
#5 /Applications/MAMP/htdocs/ci-news/public/index.php(45): CodeIgniter\CodeIgniter->run()
#6 {main}
CRITICAL - 2020-06-01 07:22:58 --> syntax error, unexpected 'echo' (T_ECHO)
#0 /Applications/MAMP/htdocs/ci-news/system/Common.php(1087): CodeIgniter\View\View->render('home', Array, true)
#1 /Applications/MAMP/htdocs/ci-news/app/Controllers/Home.php(31): view('home', Array)
#2 /Applications/MAMP/htdocs/ci-news/system/CodeIgniter.php(914): App\Controllers\Home->process()
#3 /Applications/MAMP/htdocs/ci-news/system/CodeIgniter.php(400): CodeIgniter\CodeIgniter->runController(Object(App\Controllers\Home))
#4 /Applications/MAMP/htdocs/ci-news/system/CodeIgniter.php(308): CodeIgniter\CodeIgniter->handleRequest(NULL, Object(Config\Cache), false)
#5 /Applications/MAMP/htdocs/ci-news/public/index.php(45): CodeIgniter\CodeIgniter->run()
#6 {main}
CRITICAL - 2020-06-01 07:28:23 --> Undefined variable: errors
#0 /Applications/MAMP/htdocs/ci-news/app/Views/home.php(9): CodeIgniter\Debug\Exceptions->errorHandler(8, 'Undefined varia...', '/Applications/M...', 9, Array)
#1 /Applications/MAMP/htdocs/ci-news/system/View/View.php(246): include('/Applications/M...')
#2 /Applications/MAMP/htdocs/ci-news/system/Common.php(1087): CodeIgniter\View\View->render('home', Array, true)
#3 /Applications/MAMP/htdocs/ci-news/app/Controllers/Home.php(11): view('home', Array)
#4 /Applications/MAMP/htdocs/ci-news/system/CodeIgniter.php(914): App\Controllers\Home->index()
#5 /Applications/MAMP/htdocs/ci-news/system/CodeIgniter.php(400): CodeIgniter\CodeIgniter->runController(Object(App\Controllers\Home))
#6 /Applications/MAMP/htdocs/ci-news/system/CodeIgniter.php(308): CodeIgniter\CodeIgniter->handleRequest(NULL, Object(Config\Cache), false)
#7 /Applications/MAMP/htdocs/ci-news/public/index.php(45): CodeIgniter\CodeIgniter->run()
#8 {main}
CRITICAL - 2020-06-01 07:29:21 --> Illegal string offset 'name'
#0 /Applications/MAMP/htdocs/ci-news/app/Views/home.php(23): CodeIgniter\Debug\Exceptions->errorHandler(2, 'Illegal string ...', '/Applications/M...', 23, Array)
#1 /Applications/MAMP/htdocs/ci-news/system/View/View.php(246): include('/Applications/M...')
#2 /Applications/MAMP/htdocs/ci-news/system/Common.php(1087): CodeIgniter\View\View->render('home', Array, true)
#3 /Applications/MAMP/htdocs/ci-news/app/Controllers/Home.php(12): view('home', Array)
#4 /Applications/MAMP/htdocs/ci-news/system/CodeIgniter.php(914): App\Controllers\Home->index()
#5 /Applications/MAMP/htdocs/ci-news/system/CodeIgniter.php(400): CodeIgniter\CodeIgniter->runController(Object(App\Controllers\Home))
#6 /Applications/MAMP/htdocs/ci-news/system/CodeIgniter.php(308): CodeIgniter\CodeIgniter->handleRequest(NULL, Object(Config\Cache), false)
#7 /Applications/MAMP/htdocs/ci-news/public/index.php(45): CodeIgniter\CodeIgniter->run()
#8 {main}
CRITICAL - 2020-06-01 07:29:23 --> Illegal string offset 'name'
#0 /Applications/MAMP/htdocs/ci-news/app/Views/home.php(23): CodeIgniter\Debug\Exceptions->errorHandler(2, 'Illegal string ...', '/Applications/M...', 23, Array)
#1 /Applications/MAMP/htdocs/ci-news/system/View/View.php(246): include('/Applications/M...')
#2 /Applications/MAMP/htdocs/ci-news/system/Common.php(1087): CodeIgniter\View\View->render('home', Array, true)
#3 /Applications/MAMP/htdocs/ci-news/app/Controllers/Home.php(12): view('home', Array)
#4 /Applications/MAMP/htdocs/ci-news/system/CodeIgniter.php(914): App\Controllers\Home->index()
#5 /Applications/MAMP/htdocs/ci-news/system/CodeIgniter.php(400): CodeIgniter\CodeIgniter->runController(Object(App\Controllers\Home))
#6 /Applications/MAMP/htdocs/ci-news/system/CodeIgniter.php(308): CodeIgniter\CodeIgniter->handleRequest(NULL, Object(Config\Cache), false)
#7 /Applications/MAMP/htdocs/ci-news/public/index.php(45): CodeIgniter\CodeIgniter->run()
#8 {main}
CRITICAL - 2020-06-01 12:56:30 --> 
#0 /Applications/MAMP/htdocs/ci-news/system/HTTP/RedirectResponse.php(92): CodeIgniter\HTTP\Exceptions\HTTPException::forInvalidRedirectRoute('')
#1 /Applications/MAMP/htdocs/ci-news/system/Common.php(813): CodeIgniter\HTTP\RedirectResponse->route(false)
#2 /Applications/MAMP/htdocs/ci-news/app/Controllers/Home.php(30): redirect('/home', 'refresh')
#3 /Applications/MAMP/htdocs/ci-news/system/CodeIgniter.php(914): App\Controllers\Home->process()
#4 /Applications/MAMP/htdocs/ci-news/system/CodeIgniter.php(400): CodeIgniter\CodeIgniter->runController(Object(App\Controllers\Home))
#5 /Applications/MAMP/htdocs/ci-news/system/CodeIgniter.php(308): CodeIgniter\CodeIgniter->handleRequest(NULL, Object(Config\Cache), false)
#6 /Applications/MAMP/htdocs/ci-news/public/index.php(45): CodeIgniter\CodeIgniter->run()
#7 {main}
CRITICAL - 2020-06-01 12:58:44 --> 
#0 /Applications/MAMP/htdocs/ci-news/system/HTTP/RedirectResponse.php(92): CodeIgniter\HTTP\Exceptions\HTTPException::forInvalidRedirectRoute('')
#1 /Applications/MAMP/htdocs/ci-news/system/Common.php(813): CodeIgniter\HTTP\RedirectResponse->route(false)
#2 /Applications/MAMP/htdocs/ci-news/app/Controllers/Home.php(30): redirect('/home/index', 'refresh')
#3 /Applications/MAMP/htdocs/ci-news/system/CodeIgniter.php(914): App\Controllers\Home->process()
#4 /Applications/MAMP/htdocs/ci-news/system/CodeIgniter.php(400): CodeIgniter\CodeIgniter->runController(Object(App\Controllers\Home))
#5 /Applications/MAMP/htdocs/ci-news/system/CodeIgniter.php(308): CodeIgniter\CodeIgniter->handleRequest(NULL, Object(Config\Cache), false)
#6 /Applications/MAMP/htdocs/ci-news/public/index.php(45): CodeIgniter\CodeIgniter->run()
#7 {main}
CRITICAL - 2020-06-01 13:08:25 --> 
#0 /Applications/MAMP/htdocs/ci-news/system/HTTP/RedirectResponse.php(92): CodeIgniter\HTTP\Exceptions\HTTPException::forInvalidRedirectRoute('')
#1 /Applications/MAMP/htdocs/ci-news/system/Common.php(813): CodeIgniter\HTTP\RedirectResponse->route(false)
#2 /Applications/MAMP/htdocs/ci-news/app/Controllers/Home.php(30): redirect('http://ci-news', 'refresh')
#3 /Applications/MAMP/htdocs/ci-news/system/CodeIgniter.php(914): App\Controllers\Home->process()
#4 /Applications/MAMP/htdocs/ci-news/system/CodeIgniter.php(400): CodeIgniter\CodeIgniter->runController(Object(App\Controllers\Home))
#5 /Applications/MAMP/htdocs/ci-news/system/CodeIgniter.php(308): CodeIgniter\CodeIgniter->handleRequest(NULL, Object(Config\Cache), false)
#6 /Applications/MAMP/htdocs/ci-news/public/index.php(45): CodeIgniter\CodeIgniter->run()
#7 {main}
CRITICAL - 2020-06-01 13:08:48 --> 
#0 /Applications/MAMP/htdocs/ci-news/system/HTTP/RedirectResponse.php(92): CodeIgniter\HTTP\Exceptions\HTTPException::forInvalidRedirectRoute('')
#1 /Applications/MAMP/htdocs/ci-news/system/Common.php(813): CodeIgniter\HTTP\RedirectResponse->route(false)
#2 /Applications/MAMP/htdocs/ci-news/app/Controllers/Home.php(31): redirect('http://ci-news', 'refresh')
#3 /Applications/MAMP/htdocs/ci-news/system/CodeIgniter.php(914): App\Controllers\Home->process()
#4 /Applications/MAMP/htdocs/ci-news/system/CodeIgniter.php(400): CodeIgniter\CodeIgniter->runController(Object(App\Controllers\Home))
#5 /Applications/MAMP/htdocs/ci-news/system/CodeIgniter.php(308): CodeIgniter\CodeIgniter->handleRequest(NULL, Object(Config\Cache), false)
#6 /Applications/MAMP/htdocs/ci-news/public/index.php(45): CodeIgniter\CodeIgniter->run()
#7 {main}
CRITICAL - 2020-06-01 13:08:56 --> 
#0 /Applications/MAMP/htdocs/ci-news/system/HTTP/RedirectResponse.php(92): CodeIgniter\HTTP\Exceptions\HTTPException::forInvalidRedirectRoute('')
#1 /Applications/MAMP/htdocs/ci-news/system/Common.php(813): CodeIgniter\HTTP\RedirectResponse->route(false)
#2 /Applications/MAMP/htdocs/ci-news/app/Controllers/Home.php(31): redirect('http://ci-news', 'refresh')
#3 /Applications/MAMP/htdocs/ci-news/system/CodeIgniter.php(914): App\Controllers\Home->process()
#4 /Applications/MAMP/htdocs/ci-news/system/CodeIgniter.php(400): CodeIgniter\CodeIgniter->runController(Object(App\Controllers\Home))
#5 /Applications/MAMP/htdocs/ci-news/system/CodeIgniter.php(308): CodeIgniter\CodeIgniter->handleRequest(NULL, Object(Config\Cache), false)
#6 /Applications/MAMP/htdocs/ci-news/public/index.php(45): CodeIgniter\CodeIgniter->run()
#7 {main}
