CRITICAL - 2020-06-09 22:20:23 --> Access denied for user '****'@'localhost' (using password: YES)
#0 /Applications/MAMP/htdocs/ci-news/system/Database/BaseConnection.php(377): CodeIgniter\Database\MySQLi\Connection->connect(false)
#1 /Applications/MAMP/htdocs/ci-news/system/Database/BaseConnection.php(643): CodeIgniter\Database\BaseConnection->initialize()
#2 /Applications/MAMP/htdocs/ci-news/system/Database/BaseBuilder.php(1845): CodeIgniter\Database\BaseConnection->query('SELECT 1\nFROM `...', Array, false)
#3 /Applications/MAMP/htdocs/ci-news/system/Validation/Rules.php(234): CodeIgniter\Database\BaseBuilder->get()
#4 /Applications/MAMP/htdocs/ci-news/system/Validation/Validation.php(294): CodeIgniter\Validation\Rules->is_unique('ann@gmail.com', 'email', Array, NULL)
#5 /Applications/MAMP/htdocs/ci-news/system/Validation/Validation.php(189): CodeIgniter\Validation\Validation->processRules('email', 'email', 'ann@gmail.com', Array, Array)
#6 /Applications/MAMP/htdocs/ci-news/system/Controller.php(219): CodeIgniter\Validation\Validation->run()
#7 /Applications/MAMP/htdocs/ci-news/app/Controllers/Home.php(20): CodeIgniter\Controller->validate(Array)
#8 /Applications/MAMP/htdocs/ci-news/system/CodeIgniter.php(914): App\Controllers\Home->process()
#9 /Applications/MAMP/htdocs/ci-news/system/CodeIgniter.php(400): CodeIgniter\CodeIgniter->runController(Object(App\Controllers\Home))
#10 /Applications/MAMP/htdocs/ci-news/system/CodeIgniter.php(308): CodeIgniter\CodeIgniter->handleRequest(NULL, Object(Config\Cache), false)
#11 /Applications/MAMP/htdocs/ci-news/public/index.php(45): CodeIgniter\CodeIgniter->run()
#12 {main}
CRITICAL - 2020-06-09 22:41:38 --> Call to undefined method App\Models\ServiceProvidersModel::getServiceProviders
#0 /Applications/MAMP/htdocs/ci-news/app/Controllers/Admin.php(17): CodeIgniter\Model->__call('getServiceProvi...', Array)
#1 /Applications/MAMP/htdocs/ci-news/system/CodeIgniter.php(914): App\Controllers\Admin->dashboard()
#2 /Applications/MAMP/htdocs/ci-news/system/CodeIgniter.php(400): CodeIgniter\CodeIgniter->runController(Object(App\Controllers\Admin))
#3 /Applications/MAMP/htdocs/ci-news/system/CodeIgniter.php(308): CodeIgniter\CodeIgniter->handleRequest(NULL, Object(Config\Cache), false)
#4 /Applications/MAMP/htdocs/ci-news/public/index.php(45): CodeIgniter\CodeIgniter->run()
#5 {main}
CRITICAL - 2020-06-09 22:42:09 --> Call to undefined method App\Models\ServiceProvidersModel::getserviceProviders
#0 /Applications/MAMP/htdocs/ci-news/app/Controllers/Admin.php(17): CodeIgniter\Model->__call('getserviceProvi...', Array)
#1 /Applications/MAMP/htdocs/ci-news/system/CodeIgniter.php(914): App\Controllers\Admin->dashboard()
#2 /Applications/MAMP/htdocs/ci-news/system/CodeIgniter.php(400): CodeIgniter\CodeIgniter->runController(Object(App\Controllers\Admin))
#3 /Applications/MAMP/htdocs/ci-news/system/CodeIgniter.php(308): CodeIgniter\CodeIgniter->handleRequest(NULL, Object(Config\Cache), false)
#4 /Applications/MAMP/htdocs/ci-news/public/index.php(45): CodeIgniter\CodeIgniter->run()
#5 {main}
CRITICAL - 2020-06-09 22:42:46 --> Call to undefined method App\Models\ServiceProvidersModel::getServiceProviders
#0 /Applications/MAMP/htdocs/ci-news/app/Controllers/Admin.php(17): CodeIgniter\Model->__call('getServiceProvi...', Array)
#1 /Applications/MAMP/htdocs/ci-news/system/CodeIgniter.php(914): App\Controllers\Admin->dashboard()
#2 /Applications/MAMP/htdocs/ci-news/system/CodeIgniter.php(400): CodeIgniter\CodeIgniter->runController(Object(App\Controllers\Admin))
#3 /Applications/MAMP/htdocs/ci-news/system/CodeIgniter.php(308): CodeIgniter\CodeIgniter->handleRequest(NULL, Object(Config\Cache), false)
#4 /Applications/MAMP/htdocs/ci-news/public/index.php(45): CodeIgniter\CodeIgniter->run()
#5 {main}
CRITICAL - 2020-06-09 23:00:25 --> Trying to get property 'name' of non-object
#0 /Applications/MAMP/htdocs/ci-news/app/Views/admin/dashboard.php(17): CodeIgniter\Debug\Exceptions->errorHandler(8, 'Trying to get p...', '/Applications/M...', 17, Array)
#1 /Applications/MAMP/htdocs/ci-news/system/View/View.php(246): include('/Applications/M...')
#2 /Applications/MAMP/htdocs/ci-news/system/Common.php(1087): CodeIgniter\View\View->render('admin/dashboard', Array, true)
#3 /Applications/MAMP/htdocs/ci-news/app/Controllers/Admin.php(21): view('admin/dashboard', Array)
#4 /Applications/MAMP/htdocs/ci-news/system/CodeIgniter.php(914): App\Controllers\Admin->dashboard()
#5 /Applications/MAMP/htdocs/ci-news/system/CodeIgniter.php(400): CodeIgniter\CodeIgniter->runController(Object(App\Controllers\Admin))
#6 /Applications/MAMP/htdocs/ci-news/system/CodeIgniter.php(308): CodeIgniter\CodeIgniter->handleRequest(NULL, Object(Config\Cache), false)
#7 /Applications/MAMP/htdocs/ci-news/public/index.php(45): CodeIgniter\CodeIgniter->run()
#8 {main}
CRITICAL - 2020-06-09 23:22:15 --> Call to undefined method CodeIgniter\Pager\Pager::setSurroundCount()
#0 /Applications/MAMP/htdocs/ci-news/system/View/View.php(246): include()
#1 /Applications/MAMP/htdocs/ci-news/system/Common.php(1087): CodeIgniter\View\View->render('admin/dashboard', Array, true)
#2 /Applications/MAMP/htdocs/ci-news/app/Controllers/Admin.php(26): view('admin/dashboard', Array)
#3 /Applications/MAMP/htdocs/ci-news/system/CodeIgniter.php(914): App\Controllers\Admin->dashboard()
#4 /Applications/MAMP/htdocs/ci-news/system/CodeIgniter.php(400): CodeIgniter\CodeIgniter->runController(Object(App\Controllers\Admin))
#5 /Applications/MAMP/htdocs/ci-news/system/CodeIgniter.php(308): CodeIgniter\CodeIgniter->handleRequest(NULL, Object(Config\Cache), false)
#6 /Applications/MAMP/htdocs/ci-news/public/index.php(45): CodeIgniter\CodeIgniter->run()
#7 {main}
CRITICAL - 2020-06-09 23:24:26 --> Invalid argument supplied for foreach()
#0 /Applications/MAMP/htdocs/ci-news/app/Views/admin/dashboard.php(46): CodeIgniter\Debug\Exceptions->errorHandler(2, 'Invalid argumen...', '/Applications/M...', 46, Array)
#1 /Applications/MAMP/htdocs/ci-news/system/View/View.php(246): include('/Applications/M...')
#2 /Applications/MAMP/htdocs/ci-news/system/Common.php(1087): CodeIgniter\View\View->render('admin/dashboard', Array, true)
#3 /Applications/MAMP/htdocs/ci-news/app/Controllers/Admin.php(26): view('admin/dashboard', Array)
#4 /Applications/MAMP/htdocs/ci-news/system/CodeIgniter.php(914): App\Controllers\Admin->dashboard()
#5 /Applications/MAMP/htdocs/ci-news/system/CodeIgniter.php(400): CodeIgniter\CodeIgniter->runController(Object(App\Controllers\Admin))
#6 /Applications/MAMP/htdocs/ci-news/system/CodeIgniter.php(308): CodeIgniter\CodeIgniter->handleRequest(NULL, Object(Config\Cache), false)
#7 /Applications/MAMP/htdocs/ci-news/public/index.php(45): CodeIgniter\CodeIgniter->run()
#8 {main}
CRITICAL - 2020-06-09 23:28:52 --> Undefined variable: page
#0 /Applications/MAMP/htdocs/ci-news/app/Views/admin/dashboard.php(46): CodeIgniter\Debug\Exceptions->errorHandler(8, 'Undefined varia...', '/Applications/M...', 46, Array)
#1 /Applications/MAMP/htdocs/ci-news/system/View/View.php(246): include('/Applications/M...')
#2 /Applications/MAMP/htdocs/ci-news/system/Common.php(1087): CodeIgniter\View\View->render('admin/dashboard', Array, true)
#3 /Applications/MAMP/htdocs/ci-news/app/Controllers/Admin.php(26): view('admin/dashboard', Array)
#4 /Applications/MAMP/htdocs/ci-news/system/CodeIgniter.php(914): App\Controllers\Admin->dashboard()
#5 /Applications/MAMP/htdocs/ci-news/system/CodeIgniter.php(400): CodeIgniter\CodeIgniter->runController(Object(App\Controllers\Admin))
#6 /Applications/MAMP/htdocs/ci-news/system/CodeIgniter.php(308): CodeIgniter\CodeIgniter->handleRequest(NULL, Object(Config\Cache), false)
#7 /Applications/MAMP/htdocs/ci-news/public/index.php(45): CodeIgniter\CodeIgniter->run()
#8 {main}
CRITICAL - 2020-06-09 23:30:42 --> Call to undefined method CodeIgniter\Pager\Pager::setSurroundCount()
#0 /Applications/MAMP/htdocs/ci-news/system/View/View.php(246): include()
#1 /Applications/MAMP/htdocs/ci-news/system/Common.php(1087): CodeIgniter\View\View->render('admin/dashboard', Array, true)
#2 /Applications/MAMP/htdocs/ci-news/app/Controllers/Admin.php(26): view('admin/dashboard', Array)
#3 /Applications/MAMP/htdocs/ci-news/system/CodeIgniter.php(914): App\Controllers\Admin->dashboard()
#4 /Applications/MAMP/htdocs/ci-news/system/CodeIgniter.php(400): CodeIgniter\CodeIgniter->runController(Object(App\Controllers\Admin))
#5 /Applications/MAMP/htdocs/ci-news/system/CodeIgniter.php(308): CodeIgniter\CodeIgniter->handleRequest(NULL, Object(Config\Cache), false)
#6 /Applications/MAMP/htdocs/ci-news/public/index.php(45): CodeIgniter\CodeIgniter->run()
#7 {main}
CRITICAL - 2020-06-09 23:30:48 --> Call to undefined method CodeIgniter\Pager\Pager::setSurroundCount()
#0 /Applications/MAMP/htdocs/ci-news/system/View/View.php(246): include()
#1 /Applications/MAMP/htdocs/ci-news/system/Common.php(1087): CodeIgniter\View\View->render('admin/dashboard', Array, true)
#2 /Applications/MAMP/htdocs/ci-news/app/Controllers/Admin.php(26): view('admin/dashboard', Array)
#3 /Applications/MAMP/htdocs/ci-news/system/CodeIgniter.php(914): App\Controllers\Admin->dashboard()
#4 /Applications/MAMP/htdocs/ci-news/system/CodeIgniter.php(400): CodeIgniter\CodeIgniter->runController(Object(App\Controllers\Admin))
#5 /Applications/MAMP/htdocs/ci-news/system/CodeIgniter.php(308): CodeIgniter\CodeIgniter->handleRequest(NULL, Object(Config\Cache), false)
#6 /Applications/MAMP/htdocs/ci-news/public/index.php(45): CodeIgniter\CodeIgniter->run()
#7 {main}
