CRITICAL - 2020-06-26 14:23:34 --> Too few arguments to function CodeIgniter\Email\Email::initialize(), 0 passed in /Applications/MAMP/htdocs/ci-news-new/main-app/app/Controllers/Home.php on line 44 and exactly 1 expected
#0 /Applications/MAMP/htdocs/ci-news-new/main-app/app/Controllers/Home.php(44): CodeIgniter\Email\Email->initialize()
#1 /Applications/MAMP/htdocs/ci-news-new/main-app/system/CodeIgniter.php(914): App\Controllers\Home->process()
#2 /Applications/MAMP/htdocs/ci-news-new/main-app/system/CodeIgniter.php(400): CodeIgniter\CodeIgniter->runController(Object(App\Controllers\Home))
#3 /Applications/MAMP/htdocs/ci-news-new/main-app/system/CodeIgniter.php(308): CodeIgniter\CodeIgniter->handleRequest(NULL, Object(Config\Cache), false)
#4 /Applications/MAMP/htdocs/ci-news-new/html/index.php(45): CodeIgniter\CodeIgniter->run()
#5 {main}
CRITICAL - 2020-06-26 14:24:18 --> Undefined variable: config
#0 /Applications/MAMP/htdocs/ci-news-new/main-app/app/Controllers/Home.php(44): CodeIgniter\Debug\Exceptions->errorHandler(8, 'Undefined varia...', '/Applications/M...', 44, Array)
#1 /Applications/MAMP/htdocs/ci-news-new/main-app/system/CodeIgniter.php(914): App\Controllers\Home->process()
#2 /Applications/MAMP/htdocs/ci-news-new/main-app/system/CodeIgniter.php(400): CodeIgniter\CodeIgniter->runController(Object(App\Controllers\Home))
#3 /Applications/MAMP/htdocs/ci-news-new/main-app/system/CodeIgniter.php(308): CodeIgniter\CodeIgniter->handleRequest(NULL, Object(Config\Cache), false)
#4 /Applications/MAMP/htdocs/ci-news-new/html/index.php(45): CodeIgniter\CodeIgniter->run()
#5 {main}
CRITICAL - 2020-06-26 15:59:19 --> strpos() expects parameter 1 to be string, object given
#0 [internal function]: CodeIgniter\Debug\Exceptions->errorHandler(2, 'strpos() expect...', '/Applications/M...', 709, Array)
#1 /Applications/MAMP/htdocs/ci-news-new/main-app/system/Email/Email.php(709): strpos(Object(CodeIgniter\Email\Email), ',')
#2 /Applications/MAMP/htdocs/ci-news-new/main-app/system/Email/Email.php(519): CodeIgniter\Email\Email->stringToArray(Object(CodeIgniter\Email\Email))
#3 /Applications/MAMP/htdocs/ci-news-new/main-app/app/Controllers/Dashboard.php(121): CodeIgniter\Email\Email->setTo(Object(CodeIgniter\Email\Email))
#4 /Applications/MAMP/htdocs/ci-news-new/main-app/system/CodeIgniter.php(914): App\Controllers\Dashboard->reject('48')
#5 /Applications/MAMP/htdocs/ci-news-new/main-app/system/CodeIgniter.php(400): CodeIgniter\CodeIgniter->runController(Object(App\Controllers\Dashboard))
#6 /Applications/MAMP/htdocs/ci-news-new/main-app/system/CodeIgniter.php(308): CodeIgniter\CodeIgniter->handleRequest(NULL, Object(Config\Cache), false)
#7 /Applications/MAMP/htdocs/ci-news-new/html/index.php(45): CodeIgniter\CodeIgniter->run()
#8 {main}
CRITICAL - 2020-06-26 16:01:12 --> strpos() expects parameter 1 to be string, object given
#0 [internal function]: CodeIgniter\Debug\Exceptions->errorHandler(2, 'strpos() expect...', '/Applications/M...', 709, Array)
#1 /Applications/MAMP/htdocs/ci-news-new/main-app/system/Email/Email.php(709): strpos(Object(CodeIgniter\Email\Email), ',')
#2 /Applications/MAMP/htdocs/ci-news-new/main-app/system/Email/Email.php(519): CodeIgniter\Email\Email->stringToArray(Object(CodeIgniter\Email\Email))
#3 /Applications/MAMP/htdocs/ci-news-new/main-app/app/Controllers/Dashboard.php(154): CodeIgniter\Email\Email->setTo(Object(CodeIgniter\Email\Email))
#4 /Applications/MAMP/htdocs/ci-news-new/main-app/system/CodeIgniter.php(914): App\Controllers\Dashboard->approve('48')
#5 /Applications/MAMP/htdocs/ci-news-new/main-app/system/CodeIgniter.php(400): CodeIgniter\CodeIgniter->runController(Object(App\Controllers\Dashboard))
#6 /Applications/MAMP/htdocs/ci-news-new/main-app/system/CodeIgniter.php(308): CodeIgniter\CodeIgniter->handleRequest(NULL, Object(Config\Cache), false)
#7 /Applications/MAMP/htdocs/ci-news-new/html/index.php(45): CodeIgniter\CodeIgniter->run()
#8 {main}
CRITICAL - 2020-06-26 16:02:19 --> Undefined variable: name
#0 /Applications/MAMP/htdocs/ci-news-new/main-app/app/Views/admin/template/reject-email.php(1): CodeIgniter\Debug\Exceptions->errorHandler(8, 'Undefined varia...', '/Applications/M...', 1, Array)
#1 /Applications/MAMP/htdocs/ci-news-new/main-app/system/View/View.php(246): include('/Applications/M...')
#2 /Applications/MAMP/htdocs/ci-news-new/main-app/system/Common.php(1087): CodeIgniter\View\View->render('admin/template/...', Array, true)
#3 /Applications/MAMP/htdocs/ci-news-new/main-app/app/Controllers/Dashboard.php(124): view('admin/template/...')
#4 /Applications/MAMP/htdocs/ci-news-new/main-app/system/CodeIgniter.php(914): App\Controllers\Dashboard->reject('48')
#5 /Applications/MAMP/htdocs/ci-news-new/main-app/system/CodeIgniter.php(400): CodeIgniter\CodeIgniter->runController(Object(App\Controllers\Dashboard))
#6 /Applications/MAMP/htdocs/ci-news-new/main-app/system/CodeIgniter.php(308): CodeIgniter\CodeIgniter->handleRequest(NULL, Object(Config\Cache), false)
#7 /Applications/MAMP/htdocs/ci-news-new/html/index.php(45): CodeIgniter\CodeIgniter->run()
#8 {main}
